<?xml version="1.0" encoding="UTF-8"?>
<!-- Generated by org.testng.reporters.JUnitReportReporter -->
<testsuite hostname="Cnu" name="com.KeyWord.OHRM_LogInTest" tests="1" failures="0" timestamp="23 Jan 2019 13:18:36 GMT" time="9.112" errors="0">
  <testcase name="logIn" time="9.112" classname="com.KeyWord.OHRM_LogInTest"/>
</testsuite> <!-- com.KeyWord.OHRM_LogInTest -->
