<?xml version="1.0" encoding="UTF-8"?>
<!-- Generated by org.testng.reporters.JUnitReportReporter -->
<testsuite hostname="Cnu" name="com.Annotations.Annotations2" tests="2" failures="0" timestamp="11 Jan 2019 13:47:34 GMT" time="0.000" errors="0">
  <testcase name="composeMail" time="0.000" classname="com.Annotations.Annotations2"/>
  <testcase name="inBox" time="0.000" classname="com.Annotations.Annotations2"/>
</testsuite> <!-- com.Annotations.Annotations2 -->
