<?xml version="1.0" encoding="UTF-8"?>
<!-- Generated by org.testng.reporters.JUnitReportReporter -->
<testsuite hostname="Cnu" name="com.DataDriven.NewTours_NewUserRegistration" tests="2" failures="0" timestamp="22 Jan 2019 13:09:38 GMT" time="94.439" errors="0">
  <testcase name="register" time="1.355" classname="com.DataDriven.NewTours_NewUserRegistration"/>
  <testcase name="userRegistration" time="93.084" classname="com.DataDriven.NewTours_NewUserRegistration"/>
</testsuite> <!-- com.DataDriven.NewTours_NewUserRegistration -->
