<?xml version="1.0" encoding="UTF-8"?>
<!-- Generated by org.testng.reporters.JUnitReportReporter -->
<testsuite hostname="Cnu" name="com.DataDriven.NewTours_NewUserRegristration_TestData" tests="2" failures="0" timestamp="29 Jan 2019 13:24:28 GMT" time="147.009" errors="0">
  <testcase name="register" time="0.333" classname="com.DataDriven.NewTours_NewUserRegristration_TestData"/>
  <testcase name="newUserRegistration" time="146.676" classname="com.DataDriven.NewTours_NewUserRegristration_TestData"/>
</testsuite> <!-- com.DataDriven.NewTours_NewUserRegristration_TestData -->
