<?xml version="1.0" encoding="UTF-8"?>
<!-- Generated by org.testng.reporters.JUnitReportReporter -->
<testsuite hostname="Cnu" name="com.DataDriven.LogInTest" tests="1" failures="0" timestamp="29 Jan 2019 13:24:28 GMT" time="58.382" errors="0">
  <testcase name="logIn" time="58.382" classname="com.DataDriven.LogInTest"/>
</testsuite> <!-- com.DataDriven.LogInTest -->
