<?xml version="1.0" encoding="UTF-8"?>
<!-- Generated by org.testng.reporters.JUnitReportReporter -->
<testsuite hostname="Cnu" name="com.OHRM.OHRM_LogInTest" tests="1" failures="0" timestamp="1 Feb 2019 14:15:44 GMT" time="4.040" errors="0">
  <testcase name="logIn" time="4.040" classname="com.OHRM.OHRM_LogInTest"/>
</testsuite> <!-- com.OHRM.OHRM_LogInTest -->
