<?xml version="1.0" encoding="UTF-8"?>
<!-- Generated by org.testng.reporters.JUnitReportReporter -->
<testsuite hostname="Cnu" name="com.AutoIt.UploadImage" tests="2" failures="0" timestamp="1 Feb 2019 13:09:18 GMT" time="9.293" errors="0">
  <testcase name="browser" time="9.008" classname="com.AutoIt.UploadImage"/>
  <testcase name="uploadFile" time="0.285" classname="com.AutoIt.UploadImage"/>
</testsuite> <!-- com.AutoIt.UploadImage -->
