<?xml version="1.0" encoding="UTF-8"?>
<!-- Generated by org.testng.reporters.JUnitReportReporter -->
<testsuite hostname="Cnu" name="com.AutoIt.FileDownload" tests="1" failures="0" timestamp="1 Feb 2019 13:32:05 GMT" time="2.266" errors="0">
  <testcase name="fileDownLoad" time="2.266" classname="com.AutoIt.FileDownload"/>
</testsuite> <!-- com.AutoIt.FileDownload -->
