<?xml version="1.0" encoding="UTF-8"?>
<!-- Generated by org.testng.reporters.JUnitReportReporter -->
<testsuite hostname="Cnu" name="com.Annotations.Annotations1" tests="3" failures="0" timestamp="11 Jan 2019 13:35:35 GMT" time="0.047" errors="0">
  <testcase name="logIn" time="0.016" classname="com.Annotations.Annotations1"/>
  <testcase name="browserLaunch" time="0.015" classname="com.Annotations.Annotations1"/>
  <testcase name="inBox" time="0.016" classname="com.Annotations.Annotations1"/>
</testsuite> <!-- com.Annotations.Annotations1 -->
