<?xml version="1.0" encoding="UTF-8"?>
<!-- Generated by org.testng.reporters.JUnitReportReporter -->
<testsuite hostname="Cnu" name="com.GRID.OHRM_LogInTest" tests="2" failures="0" timestamp="28 Jan 2019 14:44:04 GMT" time="25.755" errors="0">
  <testcase name="logIn" time="11.501" classname="com.GRID.OHRM_LogInTest"/>
  <testcase name="logIn" time="14.254" classname="com.GRID.OHRM_LogInTest"/>
</testsuite> <!-- com.GRID.OHRM_LogInTest -->
