<?xml version="1.0" encoding="UTF-8"?>
<!-- Generated by org.testng.reporters.JUnitReportReporter -->
<testsuite hostname="Cnu" name="com.POM.NewToursHomePageTesting" tests="1" failures="0" timestamp="1 Feb 2019 01:24:47 GMT" time="17.735" errors="0">
  <testcase name="homePage" time="17.735" classname="com.POM.NewToursHomePageTesting"/>
</testsuite> <!-- com.POM.NewToursHomePageTesting -->
