<?xml version="1.0" encoding="UTF-8"?>
<!-- Generated by org.testng.reporters.JUnitReportReporter -->
<testsuite skipped="0" hostname="Cnu" name="com.OHRM.OHRM_LogInTest" tests="1" failures="0" timestamp="31 Jan 2019 13:29:31 GMT" time="2.933" errors="0">
  <testcase name="logIn" time="2.933" classname="com.OHRM.OHRM_LogInTest"/>
</testsuite> <!-- com.OHRM.OHRM_LogInTest -->
