<?xml version="1.0" encoding="UTF-8"?>
<!-- Generated by org.testng.reporters.JUnitReportReporter -->
<testsuite hostname="Cnu" name="com.OHRM.TestScripts.LogInTest" tests="1" failures="0" timestamp="25 Jan 2019 07:57:07 GMT" time="11.809" errors="0">
  <testcase name="logIn" time="11.809" classname="com.OHRM.TestScripts.LogInTest"/>
</testsuite> <!-- com.OHRM.TestScripts.LogInTest -->
